TN:
SF:complex.js
FN:1,calculateTotalPrice
FN:10,highestPrice
FNF:2
FNH:2
FNDA:2,calculateTotalPrice
FNDA:2,highestPrice
DA:2,2
DA:3,2
DA:4,6
DA:7,2
DA:11,2
DA:14,1
LF:6
LH:6
BRF:0
BRH:0
end_of_record
TN:
SF:math.js
FN:1,sum
FN:5,subtract
FNF:2
FNH:2
FNDA:2,sum
FNDA:1,subtract
DA:2,2
DA:6,1
DA:9,1
LF:3
LH:3
BRF:0
BRH:0
end_of_record
TN:
SF:server.js
FN:12,(anonymous_0)
FN:16,(anonymous_1)
FN:20,(anonymous_2)
FN:23,(anonymous_3)
FN:36,(anonymous_4)
FNF:5
FNH:5
FNDA:1,(anonymous_0)
FNDA:1,(anonymous_1)
FNDA:2,(anonymous_2)
FNDA:6,(anonymous_3)
FNDA:1,(anonymous_4)
DA:1,1
DA:3,1
DA:5,1
DA:12,1
DA:13,1
DA:16,1
DA:17,1
DA:20,1
DA:21,2
DA:23,2
DA:24,6
DA:25,1
DA:29,2
DA:30,1
DA:32,1
DA:36,1
DA:37,1
DA:40,1
LF:18
LH:18
BRDA:24,0,0,1
BRDA:24,0,1,5
BRDA:29,1,0,1
BRDA:29,1,1,1
BRF:4
BRH:4
end_of_record
TN:
SF:advance/user.controller.js
FN:3,getUserInfo
FNF:1
FNH:1
FNDA:1,getUserInfo
DA:1,1
DA:4,1
DA:6,1
DA:9,1
LF:4
LH:4
BRF:0
BRH:0
end_of_record
TN:
SF:advance/user.service.js
FN:1,getUserData
FNF:1
FNH:1
FNDA:1,getUserData
DA:2,1
DA:3,1
DA:4,0
DA:5,0
DA:7,0
DA:11,1
LF:6
LH:3
BRDA:2,0,0,1
BRDA:2,0,1,0
BRDA:4,1,0,0
BRDA:4,1,1,0
BRF:4
BRH:1
end_of_record
